<?xml version="1.0" encoding="UTF-8"?>
<!-- Generated by org.testng.reporters.JUnitXMLReporter -->
<testsuite hostname="LAPTOP-OV9V0JCR" ignored="0" name="api-testing" tests="6" failures="3" timestamp="2022-02-17T14:28:32 IST" time="19.438" errors="0">
  <testcase name="CompareProductVsFilterCount" time="5.908" classname="BAPICodeChallenge.Test2_Product_Filter_color_38934"/>
  <testcase name="CompareProductVsFilterCount" time="3.023" classname="BAPICodeChallenge.Test4_Product_Filter_isnew_true">
    <failure type="java.lang.AssertionError" message="Count not matching between Products and Filter API expected [76612] but found [76611]">
      <![CDATA[java.lang.AssertionError: Count not matching between Products and Filter API expected [76612] but found [76611]
at BAPICodeChallenge.Test4_Product_Filter_isnew_true.CompareProductVsFilterCount(Test4_Product_Filter_isnew_true.java:41)
at java.util.ArrayList.forEach(ArrayList.java:1259)
at com.intellij.rt.testng.IDEARemoteTestNG.run(IDEARemoteTestNG.java:66)
at com.intellij.rt.testng.RemoteTestNGStarter.main(RemoteTestNGStarter.java:109)
... Removed 29 stack frames]]>
    </failure>
  </testcase> <!-- CompareProductVsFilterCount -->
  <testcase name="CompareProductVsFilterCount" time="1.891" classname="BAPICodeChallenge.Test5_Product_Filter_isnew_false">
    <failure type="java.lang.AssertionError" message="Count not matching between Products and Filter API expected [872072] but found [872070]">
      <![CDATA[java.lang.AssertionError: Count not matching between Products and Filter API expected [872072] but found [872070]
at BAPICodeChallenge.Test5_Product_Filter_isnew_false.CompareProductVsFilterCount(Test5_Product_Filter_isnew_false.java:43)
at java.util.ArrayList.forEach(ArrayList.java:1259)
at com.intellij.rt.testng.IDEARemoteTestNG.run(IDEARemoteTestNG.java:66)
at com.intellij.rt.testng.RemoteTestNGStarter.main(RemoteTestNGStarter.java:109)
... Removed 29 stack frames]]>
    </failure>
  </testcase> <!-- CompareProductVsFilterCount -->
  <testcase name="CompareProductVsFilterCount" time="2.81" classname="BAPICodeChallenge.Test6_Product_Filter_brand_1127_OnSale"/>
  <testcase name="CompareProductVsFilterCount" time="1.874" classname="BAPICodeChallenge.Test7_Product_Filter_brand_1127_NotOnSale"/>
  <testcase name="CompareProductVsFilterCount" time="3.885" classname="BAPICodeChallenge.Test8_Product_Filter_category_236147_ProductCount_check_MinMaxPrice">
    <failure type="java.lang.AssertionError" message="Count not matching between Products and Filter API expected [930757] but found [930758]">
      <![CDATA[java.lang.AssertionError: Count not matching between Products and Filter API expected [930757] but found [930758]
at BAPICodeChallenge.Test8_Product_Filter_category_236147_ProductCount_check_MinMaxPrice.CompareProductVsFilterCount(Test8_Product_Filter_category_236147_ProductCount_check_MinMaxPrice.java:50)
at java.util.ArrayList.forEach(ArrayList.java:1259)
at com.intellij.rt.testng.IDEARemoteTestNG.run(IDEARemoteTestNG.java:66)
at com.intellij.rt.testng.RemoteTestNGStarter.main(RemoteTestNGStarter.java:109)
... Removed 29 stack frames]]>
    </failure>
  </testcase> <!-- CompareProductVsFilterCount -->
</testsuite> <!-- api-testing -->
