<?xml version="1.0" encoding="UTF-8"?>
<!-- Generated by org.testng.reporters.JUnitXMLReporter -->
<testsuite hostname="LAPTOP-OV9V0JCR" ignored="0" name="api-testing" tests="2" failures="0" timestamp="2022-02-17T10:58:48 IST" time="7.428" errors="0">
  <testcase name="CompareProductVsFilterCount" time="5.356" classname="BAPICodeChallenge.Test1_Product_Filter_isnew_true"/>
  <testcase name="CompareProductVsFilterCount" time="2.024" classname="BAPICodeChallenge.Test2_Product_Filter_isnew_false"/>
</testsuite> <!-- api-testing -->
